[13:33:18] [Client thread/INFO]: Setting user: Player114
[13:33:21] [Client thread/INFO]: LWJGL Version: 2.9.2
[13:33:24] [Client thread/INFO]: Reloading ResourceManager: Default, FMLFileResourcePack:Forge Mod Loader, FMLFileResourcePack:Minecraft Forge, FMLFileResourcePack:leapfrog
[13:33:24] [Sound Library Loader/INFO]: Starting up SoundSystem...
[13:33:24] [Thread-7/INFO]: Initializing LWJGL OpenAL
[13:33:24] [Thread-7/INFO]: (The LWJGL binding of OpenAL.  For more information, see http://www.lwjgl.org)
[13:33:25] [Thread-7/INFO]: OpenAL initialized.
[13:33:25] [Sound Library Loader/INFO]: Sound engine started
[13:33:27] [Client thread/INFO]: Created: 16x16 textures-atlas
[13:33:32] [Client thread/INFO]: Reloading ResourceManager: Default, FMLFileResourcePack:Forge Mod Loader, FMLFileResourcePack:Minecraft Forge, FMLFileResourcePack:leapfrog
[13:33:32] [Client thread/INFO]: SoundSystem shutting down...
[13:33:33] [Client thread/WARN]: Author: Paul Lamb, www.paulscode.com
[13:33:33] [Sound Library Loader/INFO]: Starting up SoundSystem...
[13:33:33] [Thread-10/INFO]: Initializing LWJGL OpenAL
[13:33:33] [Thread-10/INFO]: (The LWJGL binding of OpenAL.  For more information, see http://www.lwjgl.org)
[13:33:33] [Thread-10/INFO]: OpenAL initialized.
[13:33:33] [Sound Library Loader/INFO]: Sound engine started
[13:33:36] [Client thread/INFO]: Created: 512x512 textures-atlas
[13:33:39] [Server thread/INFO]: Starting integrated minecraft server version 1.8.9
[13:33:39] [Server thread/INFO]: Generating keypair
[13:33:39] [Server thread/INFO]: Preparing start region for level 0
[13:33:40] [Server thread/INFO]: Preparing spawn area: 92%
[13:33:40] [Server thread/INFO]: Changing view distance to 12, from 10
[13:33:41] [Server thread/INFO]: Player114[local:E:1edb3fae] logged in with entity id 414 at (170.11856944162767, 74.0, 240.35439602207185)
[13:33:41] [Server thread/INFO]: Player114 joined the game
[13:34:43] [Server thread/INFO]: Saving and pausing game...
[13:34:43] [Server thread/INFO]: Saving chunks for level 'New World'/Overworld
[13:34:43] [Server thread/INFO]: Saving chunks for level 'New World'/Nether
[13:34:43] [Server thread/INFO]: Saving chunks for level 'New World'/The End
[13:34:43] [Server thread/INFO]: Stopping server
[13:34:43] [Server thread/INFO]: Saving players
[13:34:43] [Server thread/INFO]: Saving worlds
[13:34:43] [Server thread/INFO]: Saving chunks for level 'New World'/Overworld
[13:34:43] [Server thread/INFO]: Saving chunks for level 'New World'/Nether
[13:34:43] [Server thread/INFO]: Saving chunks for level 'New World'/The End
[13:34:46] [Client thread/INFO]: Stopping!
[13:34:46] [Client thread/INFO]: SoundSystem shutting down...
[13:34:46] [Client thread/WARN]: Author: Paul Lamb, www.paulscode.com
